-------------------------------------------------------------------------------
Test set: com.redhat.training.BookStatsTest
-------------------------------------------------------------------------------
Tests run: 2, Failures: 1, Errors: 0, Skipped: 0, Time elapsed: 0.106 s <<< FAILURE! - in com.redhat.training.BookStatsTest
com.redhat.training.BookStatsTest.countingWordsReturnsNumberOfWordsInBook  Time elapsed: 0.057 s  <<< FAILURE!
org.opentest4j.AssertionFailedError: expected: <0> but was: <1>
	at com.redhat.training.BookStatsTest.countingWordsReturnsNumberOfWordsInBook(BookStatsTest.java:25)

