<?xml version="1.0" encoding="UTF-8"?>
<testsuite xmlns:xsi="http://www.w3.org/2001/XMLSchema-instance" xsi:noNamespaceSchemaLocation="https://maven.apache.org/surefire/maven-surefire-plugin/xsd/surefire-test-report-3.0.xsd" version="3.0" name="com.redhat.training.BookStatsTest" time="0.106" tests="2" errors="0" skipped="0" failures="1">
  <properties>
[...]
</properties>
  <testcase name="countingWordsReturnsNumberOfWordsInBook" classname="com.redhat.training.BookStatsTest" time="0.057">
    <failure type="org.opentest4j.AssertionFailedError"><![CDATA[org.opentest4j.AssertionFailedError: expected: <0> but was: <1>
	at com.redhat.training.BookStatsTest.countingWordsReturnsNumberOfWordsInBook(BookStatsTest.java:25)
]]></failure>
  </testcase>
  <testcase name="countingWordsOfEmptyBookReturnsZero" classname="com.redhat.training.BookStatsTest" time="0.01"/>
</testsuite>